<?xml version="1.0" encoding="UTF-8"?>
<testsuite xmlns:xsi="http://www.w3.org/2001/XMLSchema-instance" xsi:noNamespaceSchemaLocation="https://maven.apache.org/surefire/maven-surefire-plugin/xsd/surefire-test-report-3.0.xsd" version="3.0" name="game.UserTest" time="0.026" tests="1" errors="0" skipped="0" failures="0">
  <properties>
    <property name="java.specification.version" value="17"/>
    <property name="sun.jnu.encoding" value="ISO-8859-1"/>
    <property name="java.class.path" value="/home/pi/Documents/GameNetbeans/target/test-classes:/home/pi/Documents/GameNetbeans/target/classes:/home/pi/.m2/repository/org/eclipse/persistence/eclipselink/2.7.10/eclipselink-2.7.10.jar:/home/pi/.m2/repository/org/eclipse/persistence/jakarta.persistence/2.2.3/jakarta.persistence-2.2.3.jar:/home/pi/.m2/repository/org/eclipse/persistence/commonj.sdo/2.1.1/commonj.sdo-2.1.1.jar:/home/pi/.m2/repository/jakarta/persistence/jakarta.persistence-api/2.2.3/jakarta.persistence-api-2.2.3.jar:/home/pi/.m2/repository/org/xerial/sqlite-jdbc/3.47.1.0/sqlite-jdbc-3.47.1.0.jar:/home/pi/.m2/repository/junit/junit/4.13.2/junit-4.13.2.jar:/home/pi/.m2/repository/org/hamcrest/hamcrest-core/1.3/hamcrest-core-1.3.jar:"/>
    <property name="sun.awt.enableExtraMouseButtons" value="true"/>
    <property name="java.vm.vendor" value="Debian"/>
    <property name="sun.arch.data.model" value="64"/>
    <property name="sun.font.fontmanager" value="sun.awt.X11FontManager"/>
    <property name="java.vendor.url" value="https://tracker.debian.org/openjdk-17"/>
    <property name="user.timezone" value="Europe/Madrid"/>
    <property name="os.name" value="Linux"/>
    <property name="java.vm.specification.version" value="17"/>
    <property name="sun.java.launcher" value="SUN_STANDARD"/>
    <property name="user.country" value="US"/>
    <property name="sun.boot.library.path" value="/usr/lib/jvm/java-17-openjdk-arm64/lib"/>
    <property name="sun.java.command" value="/home/pi/Documents/GameNetbeans/target/surefire/surefirebooter-20250107122837398_3.jar /home/pi/Documents/GameNetbeans/target/surefire 2025-01-07T12-28-36_716-jvmRun1 surefire-20250107122837398_1tmp surefire_0-20250107122837398_2tmp"/>
    <property name="jdk.debug" value="release"/>
    <property name="surefire.test.class.path" value="/home/pi/Documents/GameNetbeans/target/test-classes:/home/pi/Documents/GameNetbeans/target/classes:/home/pi/.m2/repository/org/eclipse/persistence/eclipselink/2.7.10/eclipselink-2.7.10.jar:/home/pi/.m2/repository/org/eclipse/persistence/jakarta.persistence/2.2.3/jakarta.persistence-2.2.3.jar:/home/pi/.m2/repository/org/eclipse/persistence/commonj.sdo/2.1.1/commonj.sdo-2.1.1.jar:/home/pi/.m2/repository/jakarta/persistence/jakarta.persistence-api/2.2.3/jakarta.persistence-api-2.2.3.jar:/home/pi/.m2/repository/org/xerial/sqlite-jdbc/3.47.1.0/sqlite-jdbc-3.47.1.0.jar:/home/pi/.m2/repository/junit/junit/4.13.2/junit-4.13.2.jar:/home/pi/.m2/repository/org/hamcrest/hamcrest-core/1.3/hamcrest-core-1.3.jar:"/>
    <property name="sun.cpu.endian" value="little"/>
    <property name="user.home" value="/home/pi"/>
    <property name="user.language" value="en"/>
    <property name="java.specification.vendor" value="Oracle Corporation"/>
    <property name="java.version.date" value="2024-10-15"/>
    <property name="java.home" value="/usr/lib/jvm/java-17-openjdk-arm64"/>
    <property name="file.separator" value="/"/>
    <property name="basedir" value="/home/pi/Documents/GameNetbeans"/>
    <property name="java.vm.compressedOopsMode" value="32-bit"/>
    <property name="line.separator" value="&#10;"/>
    <property name="java.vm.specification.vendor" value="Oracle Corporation"/>
    <property name="java.specification.name" value="Java Platform API Specification"/>
    <property name="surefire.real.class.path" value="/home/pi/Documents/GameNetbeans/target/surefire/surefirebooter-20250107122837398_3.jar"/>
    <property name="sun.management.compiler" value="HotSpot 64-Bit Tiered Compilers"/>
    <property name="java.runtime.version" value="17.0.13+11-Debian-1deb11u1"/>
    <property name="user.name" value="pi"/>
    <property name="path.separator" value=":"/>
    <property name="os.version" value="6.1.21-v8+"/>
    <property name="java.runtime.name" value="OpenJDK Runtime Environment"/>
    <property name="file.encoding" value="ISO-8859-1"/>
    <property name="java.vm.name" value="OpenJDK 64-Bit Server VM"/>
    <property name="maven.ext.class.path" value="/snap/netbeans/124/netbeans/java/maven-nblib/netbeans-eventspy.jar"/>
    <property name="localRepository" value="/home/pi/.m2/repository"/>
    <property name="java.vendor.url.bug" value="https://bugs.debian.org/openjdk-17"/>
    <property name="java.io.tmpdir" value="/tmp"/>
    <property name="java.version" value="17.0.13"/>
    <property name="user.dir" value="/home/pi/Documents/GameNetbeans"/>
    <property name="os.arch" value="aarch64"/>
    <property name="java.vm.specification.name" value="Java Virtual Machine Specification"/>
    <property name="native.encoding" value="ISO-8859-1"/>
    <property name="java.library.path" value="/usr/java/packages/lib:/usr/lib/aarch64-linux-gnu/jni:/lib/aarch64-linux-gnu:/usr/lib/aarch64-linux-gnu:/usr/lib/jni:/lib:/usr/lib"/>
    <property name="java.vm.info" value="mixed mode, sharing"/>
    <property name="java.vendor" value="Debian"/>
    <property name="java.vm.version" value="17.0.13+11-Debian-1deb11u1"/>
    <property name="java.specification.maintenance.version" value="1"/>
    <property name="sun.io.unicode.encoding" value="UnicodeLittle"/>
    <property name="java.class.version" value="61.0"/>
  </properties>
  <testcase name="testGetName" classname="game.UserTest" time="0.015">
    <system-out><![CDATA[getName
]]></system-out>
  </testcase>
</testsuite>